# JRE version: OpenJDK Runtime Environment (11.0.15) (build 11.0.15+0-b2043.56-9505619)
# Java VM: OpenJDK 64-Bit Server VM (11.0.15+0-b2043.56-9505619, mixed mode, tiered, compressed oops, g1 gc, windows-amd64)
Heap:
 garbage-first heap   total 447488K, used 245210K [0x0000000080000000, 0x0000000100000000)
  region size 1024K, 7 young (7168K), 7 survivors (7168K)
 Metaspace       used 117140K, capacity 120451K, committed 121008K, reserved 1155072K
  class space    used 14831K, capacity 16142K, committed 16384K, reserved 1048576K
GC Heap History (20 events):
Event: 45.723 GC heap after
{Heap after GC invocations=98 (full 0):
 garbage-first heap   total 297984K, used 226537K [0x0000000080000000, 0x0000000100000000)
  region size 1024K, 4 young (4096K), 4 survivors (4096K)
 Metaspace       used 116303K, capacity 119673K, committed 119856K, reserved 1153024K
  class space    used 14815K, capacity 16149K, committed 16256K, reserved 1048576K
}
Event: 45.978 GC heap before
{Heap before GC invocations=98 (full 0):
 garbage-first heap   total 297984K, used 250089K [0x0000000080000000, 0x0000000100000000)
  region size 1024K, 27 young (27648K), 4 survivors (4096K)
 Metaspace       used 116613K, capacity 120011K, committed 120112K, reserved 1153024K
  class space    used 14844K, capacity 16191K, committed 16256K, reserved 1048576K
}
Event: 45.985 GC heap after
{Heap after GC invocations=99 (full 0):
 garbage-first heap   total 297984K, used 227994K [0x0000000080000000, 0x0000000100000000)
  region size 1024K, 2 young (2048K), 2 survivors (2048K)
 Metaspace       used 116613K, capacity 120011K, committed 120112K, reserved 1153024K
  class space    used 14844K, capacity 16191K, committed 16256K, reserved 1048576K
}
Event: 46.443 GC heap before
{Heap before GC invocations=99 (full 0):
 garbage-first heap   total 297984K, used 258714K [0x0000000080000000, 0x0000000100000000)
  region size 1024K, 26 young (26624K), 2 survivors (2048K)
 Metaspace       used 116628K, capacity 120012K, committed 120112K, reserved 1153024K
  class space    used 14844K, capacity 16191K, committed 16256K, reserved 1048576K
}
Event: 46.451 GC heap after
{Heap after GC invocations=100 (full 0):
 garbage-first heap   total 297984K, used 234877K [0x0000000080000000, 0x0000000100000000)
  region size 1024K, 3 young (3072K), 3 survivors (3072K)
 Metaspace       used 116628K, capacity 120012K, committed 120112K, reserved 1153024K
  class space    used 14844K, capacity 16191K, committed 16256K, reserved 1048576K
}
Event: 46.839 GC heap before
{Heap before GC invocations=100 (full 0):
 garbage-first heap   total 297984K, used 255357K [0x0000000080000000, 0x0000000100000000)
  region size 1024K, 23 young (23552K), 3 survivors (3072K)
 Metaspace       used 116754K, capacity 120171K, committed 120368K, reserved 1153024K
  class space    used 14856K, capacity 16199K, committed 16256K, reserved 1048576K
}
Event: 46.846 GC heap after
{Heap after GC invocations=101 (full 0):
 garbage-first heap   total 297984K, used 236474K [0x0000000080000000, 0x0000000100000000)
  region size 1024K, 2 young (2048K), 2 survivors (2048K)
 Metaspace       used 116754K, capacity 120171K, committed 120368K, reserved 1153024K
  class space    used 14856K, capacity 16199K, committed 16256K, reserved 1048576K
}
Event: 47.353 GC heap before
{Heap before GC invocations=101 (full 0):
 garbage-first heap   total 297984K, used 261050K [0x0000000080000000, 0x0000000100000000)
  region size 1024K, 23 young (23552K), 2 survivors (2048K)
 Metaspace       used 116866K, capacity 120273K, committed 120368K, reserved 1153024K
  class space    used 14870K, capacity 16210K, committed 16256K, reserved 1048576K
}
Event: 47.356 GC heap after
{Heap after GC invocations=102 (full 0):
 garbage-first heap   total 297984K, used 240859K [0x0000000080000000, 0x0000000100000000)
  region size 1024K, 2 young (2048K), 2 survivors (2048K)
 Metaspace       used 116866K, capacity 120273K, committed 120368K, reserved 1153024K
  class space    used 14870K, capacity 16210K, committed 16256K, reserved 1048576K
}
Event: 47.813 GC heap before
{Heap before GC invocations=102 (full 0):
 garbage-first heap   total 297984K, used 263387K [0x0000000080000000, 0x0000000100000000)
  region size 1024K, 21 young (21504K), 2 survivors (2048K)
 Metaspace       used 117190K, capacity 120692K, committed 121008K, reserved 1155072K
  class space    used 14900K, capacity 16263K, committed 16384K, reserved 1048576K
}
Event: 47.819 GC heap after
{Heap after GC invocations=103 (full 0):
 garbage-first heap   total 297984K, used 247685K [0x0000000080000000, 0x0000000100000000)
  region size 1024K, 3 young (3072K), 3 survivors (3072K)
 Metaspace       used 117190K, capacity 120692K, committed 121008K, reserved 1155072K
  class space    used 14900K, capacity 16263K, committed 16384K, reserved 1048576K
}
Event: 48.104 GC heap before
{Heap before GC invocations=103 (full 0):
 garbage-first heap   total 297984K, used 262021K [0x0000000080000000, 0x0000000100000000)
  region size 1024K, 17 young (17408K), 3 survivors (3072K)
 Metaspace       used 117197K, capacity 120701K, committed 121008K, reserved 1155072K
  class space    used 14902K, capacity 16266K, committed 16384K, reserved 1048576K
}
Event: 48.127 GC heap after
{Heap after GC invocations=104 (full 0):
 garbage-first heap   total 358400K, used 249899K [0x0000000080000000, 0x0000000100000000)
  region size 1024K, 3 young (3072K), 3 survivors (3072K)
 Metaspace       used 117197K, capacity 120701K, committed 121008K, reserved 1155072K
  class space    used 14902K, capacity 16266K, committed 16384K, reserved 1048576K
}
Event: 48.904 GC heap before
{Heap before GC invocations=105 (full 0):
 garbage-first heap   total 358400K, used 284715K [0x0000000080000000, 0x0000000100000000)
  region size 1024K, 45 young (46080K), 3 survivors (3072K)
 Metaspace       used 117056K, capacity 120351K, committed 121008K, reserved 1155072K
  class space    used 14827K, capacity 16109K, committed 16384K, reserved 1048576K
}
Event: 48.923 GC heap after
{Heap after GC invocations=106 (full 0):
 garbage-first heap   total 358400K, used 247992K [0x0000000080000000, 0x0000000100000000)
  region size 1024K, 6 young (6144K), 6 survivors (6144K)
 Metaspace       used 117056K, capacity 120351K, committed 121008K, reserved 1155072K
  class space    used 14827K, capacity 16109K, committed 16384K, reserved 1048576K
}
Event: 48.948 GC heap before
{Heap before GC invocations=106 (full 0):
 garbage-first heap   total 358400K, used 259256K [0x0000000080000000, 0x0000000100000000)
  region size 1024K, 17 young (17408K), 6 survivors (6144K)
 Metaspace       used 117056K, capacity 120351K, committed 121008K, reserved 1155072K
  class space    used 14827K, capacity 16109K, committed 16384K, reserved 1048576K
}
Event: 48.968 GC heap after
{Heap after GC invocations=107 (full 0):
 garbage-first heap   total 358400K, used 229046K [0x0000000080000000, 0x0000000100000000)
  region size 1024K, 3 young (3072K), 3 survivors (3072K)
 Metaspace       used 117056K, capacity 120351K, committed 121008K, reserved 1155072K
  class space    used 14827K, capacity 16109K, committed 16384K, reserved 1048576K
}
Event: 49.001 GC heap before
{Heap before GC invocations=107 (full 0):
 garbage-first heap   total 358400K, used 243382K [0x0000000080000000, 0x0000000100000000)
  region size 1024K, 17 young (17408K), 3 survivors (3072K)
 Metaspace       used 117056K, capacity 120351K, committed 121008K, reserved 1155072K
  class space    used 14827K, capacity 16109K, committed 16384K, reserved 1048576K
}
Event: 49.015 GC heap after
{Heap after GC invocations=108 (full 0):
 garbage-first heap   total 358400K, used 231344K [0x0000000080000000, 0x0000000100000000)
  region size 1024K, 3 young (3072K), 3 survivors (3072K)
 Metaspace       used 117056K, capacity 120351K, committed 121008K, reserved 1155072K
  class space    used 14827K, capacity 16109K, committed 16384K, reserved 1048576K
}
Event: 49.393 GC heap before
{Heap before GC invocations=108 (full 0):
 garbage-first heap   total 358400K, used 293808K [0x0000000080000000, 0x0000000100000000)
  region size 1024K, 54 young (55296K), 3 survivors (3072K)
 Metaspace       used 117140K, capacity 120451K, committed 121008K, reserved 1155072K
  class space    used 14831K, capacity 16142K, committed 16384K, reserved 1048576K
}

