# JRE version: OpenJDK Runtime Environment (11.0.15) (build 11.0.15+0-b2043.56-9505619)
# Java VM: OpenJDK 64-Bit Server VM (11.0.15+0-b2043.56-9505619, mixed mode, tiered, compressed oops, g1 gc, windows-amd64)
Heap:
 garbage-first heap   total 273408K, used 196232K [0x0000000080000000, 0x0000000100000000)
  region size 1024K, 10 young (10240K), 4 survivors (4096K)
 Metaspace       used 107822K, capacity 110603K, committed 111356K, reserved 1146880K
  class space    used 13423K, capacity 14474K, committed 14668K, reserved 1048576K
GC Heap History (20 events):
Event: 15.512 GC heap before
{Heap before GC invocations=67 (full 0):
 garbage-first heap   total 273408K, used 221657K [0x0000000080000000, 0x0000000100000000)
  region size 1024K, 64 young (65536K), 6 survivors (6144K)
 Metaspace       used 94490K, capacity 97217K, committed 97276K, reserved 1134592K
  class space    used 12135K, capacity 13100K, committed 13132K, reserved 1048576K
}
Event: 15.520 GC heap after
{Heap after GC invocations=68 (full 0):
 garbage-first heap   total 273408K, used 166474K [0x0000000080000000, 0x0000000100000000)
  region size 1024K, 8 young (8192K), 8 survivors (8192K)
 Metaspace       used 94490K, capacity 97217K, committed 97276K, reserved 1134592K
  class space    used 12135K, capacity 13100K, committed 13132K, reserved 1048576K
}
Event: 16.020 GC heap before
{Heap before GC invocations=69 (full 0):
 garbage-first heap   total 273408K, used 223818K [0x0000000080000000, 0x0000000100000000)
  region size 1024K, 65 young (66560K), 8 survivors (8192K)
 Metaspace       used 95382K, capacity 98091K, committed 98172K, reserved 1134592K
  class space    used 12193K, capacity 13221K, committed 13260K, reserved 1048576K
}
Event: 16.028 GC heap after
{Heap after GC invocations=70 (full 0):
 garbage-first heap   total 273408K, used 171027K [0x0000000080000000, 0x0000000100000000)
  region size 1024K, 9 young (9216K), 9 survivors (9216K)
 Metaspace       used 95382K, capacity 98091K, committed 98172K, reserved 1134592K
  class space    used 12193K, capacity 13221K, committed 13260K, reserved 1048576K
}
Event: 16.517 GC heap before
{Heap before GC invocations=70 (full 0):
 garbage-first heap   total 273408K, used 226323K [0x0000000080000000, 0x0000000100000000)
  region size 1024K, 64 young (65536K), 9 survivors (9216K)
 Metaspace       used 96939K, capacity 99715K, committed 99836K, reserved 1136640K
  class space    used 12339K, capacity 13361K, committed 13388K, reserved 1048576K
}
Event: 16.524 GC heap after
{Heap after GC invocations=71 (full 0):
 garbage-first heap   total 273408K, used 173814K [0x0000000080000000, 0x0000000100000000)
  region size 1024K, 7 young (7168K), 7 survivors (7168K)
 Metaspace       used 96939K, capacity 99715K, committed 99836K, reserved 1136640K
  class space    used 12339K, capacity 13361K, committed 13388K, reserved 1048576K
}
Event: 16.763 GC heap before
{Heap before GC invocations=72 (full 0):
 garbage-first heap   total 273408K, used 229110K [0x0000000080000000, 0x0000000100000000)
  region size 1024K, 62 young (63488K), 7 survivors (7168K)
 Metaspace       used 98623K, capacity 101299K, committed 101628K, reserved 1136640K
  class space    used 12555K, capacity 13546K, committed 13644K, reserved 1048576K
}
Event: 16.768 GC heap after
{Heap after GC invocations=73 (full 0):
 garbage-first heap   total 273408K, used 176132K [0x0000000080000000, 0x0000000100000000)
  region size 1024K, 6 young (6144K), 6 survivors (6144K)
 Metaspace       used 98623K, capacity 101299K, committed 101628K, reserved 1136640K
  class space    used 12555K, capacity 13546K, committed 13644K, reserved 1048576K
}
Event: 952.536 GC heap before
{Heap before GC invocations=73 (full 0):
 garbage-first heap   total 273408K, used 230404K [0x0000000080000000, 0x0000000100000000)
  region size 1024K, 60 young (61440K), 6 survivors (6144K)
 Metaspace       used 103067K, capacity 105901K, committed 106108K, reserved 1140736K
  class space    used 12939K, capacity 14016K, committed 14028K, reserved 1048576K
}
Event: 952.821 GC heap after
{Heap after GC invocations=74 (full 0):
 garbage-first heap   total 273408K, used 177136K [0x0000000080000000, 0x0000000100000000)
  region size 1024K, 3 young (3072K), 3 survivors (3072K)
 Metaspace       used 103067K, capacity 105901K, committed 106108K, reserved 1140736K
  class space    used 12939K, capacity 14016K, committed 14028K, reserved 1048576K
}
Event: 3352.015 GC heap before
{Heap before GC invocations=75 (full 0):
 garbage-first heap   total 273408K, used 233456K [0x0000000080000000, 0x0000000100000000)
  region size 1024K, 58 young (59392K), 3 survivors (3072K)
 Metaspace       used 103227K, capacity 106105K, committed 106364K, reserved 1142784K
  class space    used 12941K, capacity 14018K, committed 14028K, reserved 1048576K
}
Event: 3352.184 GC heap after
{Heap after GC invocations=76 (full 0):
 garbage-first heap   total 273408K, used 176970K [0x0000000080000000, 0x0000000100000000)
  region size 1024K, 3 young (3072K), 3 survivors (3072K)
 Metaspace       used 103227K, capacity 106105K, committed 106364K, reserved 1142784K
  class space    used 12941K, capacity 14018K, committed 14028K, reserved 1048576K
}
Event: 3355.710 GC heap before
{Heap before GC invocations=76 (full 0):
 garbage-first heap   total 273408K, used 233290K [0x0000000080000000, 0x0000000100000000)
  region size 1024K, 59 young (60416K), 3 survivors (3072K)
 Metaspace       used 105138K, capacity 108089K, committed 108156K, reserved 1142784K
  class space    used 13132K, capacity 14245K, committed 14284K, reserved 1048576K
}
Event: 3355.756 GC heap after
{Heap after GC invocations=77 (full 0):
 garbage-first heap   total 273408K, used 182281K [0x0000000080000000, 0x0000000100000000)
  region size 1024K, 8 young (8192K), 8 survivors (8192K)
 Metaspace       used 105138K, capacity 108089K, committed 108156K, reserved 1142784K
  class space    used 13132K, capacity 14245K, committed 14284K, reserved 1048576K
}
Event: 3356.762 GC heap before
{Heap before GC invocations=78 (full 0):
 garbage-first heap   total 273408K, used 234505K [0x0000000080000000, 0x0000000100000000)
  region size 1024K, 59 young (60416K), 8 survivors (8192K)
 Metaspace       used 104779K, capacity 107409K, committed 108796K, reserved 1144832K
  class space    used 13007K, capacity 13993K, committed 14412K, reserved 1048576K
}
Event: 3356.831 GC heap after
{Heap after GC invocations=79 (full 0):
 garbage-first heap   total 273408K, used 189186K [0x0000000080000000, 0x0000000100000000)
  region size 1024K, 8 young (8192K), 8 survivors (8192K)
 Metaspace       used 104779K, capacity 107409K, committed 108796K, reserved 1144832K
  class space    used 13007K, capacity 13993K, committed 14412K, reserved 1048576K
}
Event: 3357.003 GC heap before
{Heap before GC invocations=79 (full 0):
 garbage-first heap   total 273408K, used 194306K [0x0000000080000000, 0x0000000100000000)
  region size 1024K, 13 young (13312K), 8 survivors (8192K)
 Metaspace       used 105233K, capacity 107892K, committed 109052K, reserved 1144832K
  class space    used 13085K, capacity 14084K, committed 14412K, reserved 1048576K
}
Event: 3357.028 GC heap after
{Heap after GC invocations=80 (full 0):
 garbage-first heap   total 273408K, used 188929K [0x0000000080000000, 0x0000000100000000)
  region size 1024K, 2 young (2048K), 2 survivors (2048K)
 Metaspace       used 105233K, capacity 107892K, committed 109052K, reserved 1144832K
  class space    used 13085K, capacity 14084K, committed 14412K, reserved 1048576K
}
Event: 3360.248 GC heap before
{Heap before GC invocations=80 (full 0):
 garbage-first heap   total 273408K, used 231937K [0x0000000080000000, 0x0000000100000000)
  region size 1024K, 45 young (46080K), 2 survivors (2048K)
 Metaspace       used 107320K, capacity 110245K, committed 110844K, reserved 1144832K
  class space    used 13385K, capacity 14476K, committed 14668K, reserved 1048576K
}
Event: 3360.264 GC heap after
{Heap after GC invocations=81 (full 0):
 garbage-first heap   total 273408K, used 191112K [0x0000000080000000, 0x0000000100000000)
  region size 1024K, 4 young (4096K), 4 survivors (4096K)
 Metaspace       used 107320K, capacity 110245K, committed 110844K, reserved 1144832K
  class space    used 13385K, capacity 14476K, committed 14668K, reserved 1048576K
}

